<?xml version="1.0" encoding="UTF-8"?>
<testsuite name="test.SomeTest" time="0.001" tests="6" errors="0" skipped="0" failures="3">
  <properties>
[...]
</properties>
  <testcase name="test1" classname="test.SomeTest" time="0"/>
  <testcase name="test2" classname="test.SomeTest" time="0"/>
  <testcase name="test3" classname="test.SomeTest" time="0.001">
    <failure message="oops" type="java.lang.AssertionError">java.lang.AssertionError: oops
	at org.junit.Assert.fail(Assert.java:89)
	at test.Base.run(Base.java:35)
	at test.SomeTest.test3(SomeTest.java:40)
</failure>
  </testcase>
  <testcase name="test4" classname="test.SomeTest" time="0">
    <failure message="oops" type="java.lang.AssertionError">java.lang.AssertionError: oops
	at org.junit.Assert.fail(Assert.java:89)
	at test.Base.run(Base.java:35)
	at test.SomeTest.test4(SomeTest.java:44)
</failure>
  </testcase>
  <testcase name="test5" classname="test.SomeTest" time="0">
    <failure message="oops" type="java.lang.AssertionError">java.lang.AssertionError: oops
	at org.junit.Assert.fail(Assert.java:89)
	at test.Base.run(Base.java:35)
	at test.SomeTest.test5(SomeTest.java:48)
</failure>
  </testcase>
  <testcase name="test6" classname="test.SomeTest" time="0"/>
</testsuite>